  Source.cpp
C:\Users\elect\source\repos\Debt\10.1\Source.cpp(52,23): warning C4018: <: несоответствие типов со знаком и без знака
C:\Users\elect\source\repos\Debt\10.1\Source.cpp(22): message : выполняется компиляция ссылки на экземпляр шаблон функции "T min<int>(T *,int)"
          with
          [
              T=int
          ]
C:\Users\elect\source\repos\Debt\10.1\Source.cpp(62,23): warning C4018: <: несоответствие типов со знаком и без знака
C:\Users\elect\source\repos\Debt\10.1\Source.cpp(33): message : выполняется компиляция ссылки на экземпляр шаблон функции "void sort<int>(T *,int)"
          with
          [
              T=int
          ]
C:\Users\elect\source\repos\Debt\10.1\Source.cpp(79,23): warning C4018: <: несоответствие типов со знаком и без знака
C:\Users\elect\source\repos\Debt\10.1\Source.cpp(42): message : выполняется компиляция ссылки на экземпляр шаблон функции "T sum<int>(T *,int)"
          with
          [
              T=int
          ]
  10.1.vcxproj -> C:\Users\elect\source\repos\Debt\Debug\10.1.exe
